<?xml version="1.0" encoding="UTF-8"?>
<!-- Generated by org.testng.reporters.JUnitReportReporter -->
<testsuite skipped="0" hostname="PBLAP802" name="core.LabTestMap" tests="1" failures="0" timestamp="09 Apr 2019 07:21:02 GMT" time="474.524" errors="0">
  <testcase name="gettestnames" time="474.524" classname="core.LabTestMap"/>
</testsuite> <!-- core.LabTestMap -->
