<?xml version="1.0" encoding="UTF-8"?>
<!-- Generated by org.testng.reporters.JUnitReportReporter -->
<testsuite skipped="0" hostname="PBLAP802" name="core.AckoTWcompare" tests="1" failures="0" timestamp="13 May 2019 12:00:15 GMT" time="5.374" errors="0">
  <testcase name="getDiesel" time="5.374" classname="core.AckoTWcompare"/>
</testsuite> <!-- core.AckoTWcompare -->
