<?xml version="1.0" encoding="UTF-8"?>
<!-- Generated by org.testng.reporters.JUnitReportReporter -->
<testsuite skipped="0" hostname="PBLAP802" name="core.AckoAutomation3" tests="1" failures="0" timestamp="28 Mar 2019 12:00:53 GMT" time="40.207" errors="0">
  <testcase name="getDiesel" time="40.207" classname="core.AckoAutomation3"/>
</testsuite> <!-- core.AckoAutomation3 -->
