<?xml version="1.0" encoding="UTF-8"?>
<!-- Generated by org.testng.reporters.JUnitReportReporter -->
<testsuite skipped="0" hostname="PBLAP802" name="core.AckoAutomation3" tests="1" failures="0" timestamp="18 Mar 2019 12:54:30 GMT" time="34.046" errors="0">
  <testcase name="getDiesel" time="34.046" classname="core.AckoAutomation3"/>
</testsuite> <!-- core.AckoAutomation3 -->
