<?xml version="1.0" encoding="UTF-8"?>
<!-- Generated by org.testng.reporters.JUnitReportReporter -->
<testsuite skipped="0" hostname="PBLAP802" name="core.AckoTWcompare2" tests="1" failures="0" timestamp="08 May 2019 12:30:30 GMT" time="91.169" errors="0">
  <testcase name="getDiesel" time="91.169" classname="core.AckoTWcompare2"/>
</testsuite> <!-- core.AckoTWcompare2 -->
