<?xml version="1.0" encoding="UTF-8"?>
<!-- Generated by org.testng.reporters.JUnitReportReporter -->
<testsuite skipped="0" hostname="PBLAP802" name="core.GetVariants" tests="1" failures="0" timestamp="20 Mar 2019 09:16:53 GMT" time="28.007" errors="0">
  <testcase name="getDiesel" time="28.007" classname="core.GetVariants"/>
</testsuite> <!-- core.GetVariants -->
